2020-05-12 15:20:53.1334||DEBUG|AdminCategoryService.Program|init main function 
2020-05-12 15:31:10.7948||INFO|AdminCategoryService.Controllers.AdminServiceController|Returning 7 categories. 
2020-05-12 15:31:48.9197||INFO|AdminCategoryService.Controllers.AdminServiceController|Returning 1 sellers 
2020-05-12 15:31:55.2242||INFO|AdminCategoryService.Controllers.AdminServiceController|Returning 1 users 
2020-05-12 15:31:59.4917||INFO|AdminCategoryService.Controllers.AdminServiceController|Returning 7 categories. 
2020-05-12 15:38:24.0511||INFO|AdminCategoryService.Controllers.AdminServiceController|fetching  all subcategories 
2020-05-12 15:38:40.4952||INFO|AdminCategoryService.Controllers.AdminServiceController|Returning 1 users 
2020-05-12 15:38:43.7619||INFO|AdminCategoryService.Controllers.AdminServiceController|fetching  all subcategories 
2020-05-12 15:39:26.7675||INFO|AdminCategoryService.Controllers.AdminServiceController|fetching  all subcategories 
2020-05-12 15:41:39.5270||INFO|AdminCategoryService.Controllers.AdminServiceController|fetching  all subcategories 
2020-05-12 15:42:31.4271||INFO|AdminCategoryService.Controllers.AdminServiceController|fetching  all subcategories 
2020-05-12 15:42:43.5234||INFO|AdminCategoryService.Controllers.AdminServiceController|fetching  all subcategories 
2020-05-12 15:43:21.6651||INFO|AdminCategoryService.Controllers.AdminServiceController|fetching  all subcategories 
2020-05-12 15:44:09.0423||INFO|AdminCategoryService.Controllers.AdminServiceController|fetching  all subcategories 
2020-05-12 15:48:52.4588||INFO|AdminCategoryService.Controllers.AdminServiceController|Returning 7 categories. 
2020-05-12 15:48:54.3217||INFO|AdminCategoryService.Controllers.AdminServiceController|fetching  all subcategories 
2020-05-12 15:55:58.7524||INFO|AdminCategoryService.Controllers.AdminServiceController|Returning 7 categories. 
2020-05-12 15:56:20.9204||INFO|AdminCategoryService.Controllers.AdminServiceController|Returning 6 categories. 
2020-05-12 15:56:34.1868||INFO|AdminCategoryService.Controllers.AdminServiceController|fetching  all subcategories 
2020-05-12 15:57:06.9356||INFO|AdminCategoryService.Controllers.AdminServiceController|fetching  all subcategories 
2020-05-12 15:57:12.1683||INFO|AdminCategoryService.Controllers.AdminServiceController|fetching  all subcategories 
2020-05-12 15:57:57.2659||INFO|AdminCategoryService.Controllers.AdminServiceController|fetching  all subcategories 
2020-05-12 15:58:07.0955||INFO|AdminCategoryService.Controllers.AdminServiceController|fetching  all subcategories 
2020-05-12 15:58:10.1313||INFO|AdminCategoryService.Controllers.AdminServiceController|fetching  all subcategories 
2020-05-12 15:58:26.5214||INFO|AdminCategoryService.Controllers.AdminServiceController|fetching  all subcategories 
2020-05-12 16:02:55.0893||INFO|AdminCategoryService.Controllers.AdminServiceController|fetching  all subcategories 
2020-05-12 16:03:07.1057||INFO|AdminCategoryService.Controllers.AdminServiceController|fetching  all subcategories 
2020-05-12 16:03:10.3433||INFO|AdminCategoryService.Controllers.AdminServiceController|fetching  all subcategories 
2020-05-12 16:04:48.9102||INFO|AdminCategoryService.Controllers.AdminServiceController|fetching  all subcategories 
2020-05-12 16:04:54.6343||INFO|AdminCategoryService.Controllers.AdminServiceController|Returning 6 categories. 
2020-05-12 16:04:57.4902||INFO|AdminCategoryService.Controllers.AdminServiceController|Returning 1 users 
2020-05-12 16:04:59.3596||INFO|AdminCategoryService.Controllers.AdminServiceController|Returning 1 sellers 
2020-05-12 16:05:01.0647||INFO|AdminCategoryService.Controllers.AdminServiceController|Returning 6 categories. 
2020-05-12 16:05:06.3775||INFO|AdminCategoryService.Controllers.AdminServiceController|Returning 1 sellers 
2020-05-12 16:05:08.3737||INFO|AdminCategoryService.Controllers.AdminServiceController|fetching  all subcategories 
2020-05-12 16:05:10.4076||INFO|AdminCategoryService.Controllers.AdminServiceController|Returning 6 categories. 
2020-05-12 16:05:11.9952||INFO|AdminCategoryService.Controllers.AdminServiceController|Returning 1 users 
2020-05-12 16:05:22.2324||INFO|AdminCategoryService.Controllers.AdminServiceController|Returning 1 users 
2020-05-12 16:05:34.3784||INFO|AdminCategoryService.Controllers.AdminServiceController|Returning 1 users 
2020-05-12 16:05:44.6213||INFO|AdminCategoryService.Controllers.AdminServiceController|Returning 1 users 
2020-05-12 16:07:24.2939||INFO|AdminCategoryService.Controllers.AdminServiceController|Returning 1 users 
2020-05-12 16:07:26.5995||INFO|AdminCategoryService.Controllers.AdminServiceController|fetching  all subcategories 
2020-05-12 16:08:58.2685||INFO|AdminCategoryService.Controllers.AdminServiceController|fetching  all subcategories 
2020-05-12 16:09:05.6789||INFO|AdminCategoryService.Controllers.AdminServiceController|fetching  all subcategories 
2020-05-12 16:12:16.6940||INFO|AdminCategoryService.Controllers.AdminServiceController|fetching  all subcategories 
2020-05-12 16:12:38.3867||INFO|AdminCategoryService.Controllers.AdminServiceController|fetching  all subcategories 
2020-05-12 16:12:58.4190||INFO|AdminCategoryService.Controllers.AdminServiceController|fetching  all subcategories 
2020-05-12 16:13:13.1677||INFO|AdminCategoryService.Controllers.AdminServiceController|fetching  all subcategories 
2020-05-12 16:13:37.2190||INFO|AdminCategoryService.Controllers.AdminServiceController|fetching  all subcategories 
2020-05-12 16:13:45.3565||INFO|AdminCategoryService.Controllers.AdminServiceController|fetching  all subcategories 
2020-05-12 16:13:51.9471||INFO|AdminCategoryService.Controllers.AdminServiceController|fetching  all subcategories 
2020-05-12 16:13:56.6732||INFO|AdminCategoryService.Controllers.AdminServiceController|fetching  all subcategories 
2020-05-12 16:14:01.4180||INFO|AdminCategoryService.Controllers.AdminServiceController|fetching  all subcategories 
2020-05-12 16:14:11.1010||INFO|AdminCategoryService.Controllers.AdminServiceController|fetching  all subcategories 
2020-05-12 16:14:19.4139||INFO|AdminCategoryService.Controllers.AdminServiceController|fetching  all subcategories 
2020-05-12 16:14:22.6291||INFO|AdminCategoryService.Controllers.AdminServiceController|fetching  all subcategories 
2020-05-12 16:14:28.5827||INFO|AdminCategoryService.Controllers.AdminServiceController|fetching  all subcategories 
2020-05-12 16:14:34.9406||INFO|AdminCategoryService.Controllers.AdminServiceController|fetching  all subcategories 
2020-05-12 16:14:41.6119||INFO|AdminCategoryService.Controllers.AdminServiceController|fetching  all subcategories 
2020-05-12 16:14:48.7502||INFO|AdminCategoryService.Controllers.AdminServiceController|fetching  all subcategories 
2020-05-12 16:14:57.7433||INFO|AdminCategoryService.Controllers.AdminServiceController|fetching  all subcategories 
2020-05-12 16:15:23.9823||INFO|AdminCategoryService.Controllers.AdminServiceController|fetching  all subcategories 
2020-05-12 16:15:31.5184||INFO|AdminCategoryService.Controllers.AdminServiceController|fetching  all subcategories 
2020-05-12 16:17:01.2941||INFO|AdminCategoryService.Controllers.AdminServiceController|fetching  all subcategories 
2020-05-12 16:17:19.4595||INFO|AdminCategoryService.Controllers.AdminServiceController|fetching  all subcategories 
2020-05-12 16:21:55.2565||INFO|AdminCategoryService.Controllers.AdminServiceController|fetching  all subcategories 
2020-05-12 16:33:28.9548||INFO|AdminCategoryService.Controllers.AdminServiceController|fetching  all subcategories 
2020-05-12 16:43:12.6931||DEBUG|AdminCategoryService.Program|init main function 
2020-05-12 16:43:23.5314||INFO|AdminCategoryService.Controllers.AdminServiceController|fetching  all subcategories 
2020-05-12 16:44:12.4229||INFO|AdminCategoryService.Controllers.AdminServiceController|fetching  all subcategories 
2020-05-12 16:48:26.1338||INFO|AdminCategoryService.Controllers.AdminServiceController|fetching  all subcategories 
2020-05-12 16:48:35.5749||INFO|AdminCategoryService.Controllers.AdminServiceController|fetching  all subcategories 
2020-05-12 16:48:50.1578||INFO|AdminCategoryService.Controllers.AdminServiceController|Returning 1 users 
2020-05-12 16:48:50.8163||INFO|AdminCategoryService.Controllers.AdminServiceController|Returning 1 sellers 
2020-05-12 16:48:51.9249||INFO|AdminCategoryService.Controllers.AdminServiceController|Returning 6 categories. 
2020-05-12 16:48:52.0355||INFO|AdminCategoryService.Controllers.AdminServiceController|Returning 6 categories. 
2020-05-12 16:48:53.7836||INFO|AdminCategoryService.Controllers.AdminServiceController|Returning 1 users 
2020-05-12 16:48:55.3925||INFO|AdminCategoryService.Controllers.AdminServiceController|Returning 6 categories. 
2020-05-12 16:48:56.9397||INFO|AdminCategoryService.Controllers.AdminServiceController|fetching  all subcategories 
2020-05-12 16:49:05.7969||INFO|AdminCategoryService.Controllers.AdminServiceController|Returning 1 users 
2020-05-12 16:49:06.5828||INFO|AdminCategoryService.Controllers.AdminServiceController|Returning 1 sellers 
2020-05-12 16:49:07.8046||INFO|AdminCategoryService.Controllers.AdminServiceController|Returning 6 categories. 
